{"numFailedTestSuites":0,"numFailedTests":0,"numPassedTestSuites":1,"numPassedTests":2,"numPendingTestSuites":0,"numPendingTests":0,"numRuntimeErrorTestSuites":0,"numTodoTests":0,"numTotalTestSuites":1,"numTotalTests":2,"openHandles":[],"snapshot":{"added":0,"didUpdate":false,"failure":false,"filesAdded":0,"filesRemoved":0,"filesRemovedList":[],"filesUnmatched":0,"filesUpdated":0,"matched":0,"total":0,"unchecked":0,"uncheckedKeysByFile":[],"unmatched":0,"updated":0},"startTime":1663692347203,"success":true,"testResults":[{"assertionResults":[{"ancestorTitles":["my sample test"],"failureMessages":[],"fullName":"my sample test one is one","location":null,"status":"passed","title":"one is one"},{"ancestorTitles":["my sample test"],"failureMessages":[],"fullName":"my sample test another","location":null,"status":"passed","title":"another"}],"endTime":1663692347390,"message":"","name":"/Users/calvincheng/Documents/projects/testing/calvin-js-action-template/__tests__/sample.spec.js","startTime":1663692347235,"status":"passed","summary":""}],"wasInterrupted":false}